---------------------------------------------------------------
[2019-07-20T09:02:19+08:00] 127.0.0.1 GET www.03kj.com/index.php/admin/goods/list.html
[运行时间：0.150009s] [吞吐率：6.67req/s] [内存消耗：1,657.41kb] [文件加载：68]
[ info ] [ LANG ] C:\phpStudy\PHPTutorial\WWW\03kj\shop\thinkphp\lang\zh-cn.php
[ info ] [ ROUTE ] array (
)
[ info ] [ HEADER ] array (
  'accept-language' => 'zh-CN,zh;q=0.9',
  'accept-encoding' => 'gzip, deflate',
  'accept' => 'text/html,application/xhtml+xml,application/xml;q=0.9,image/webp,image/apng,*/*;q=0.8,application/signed-exchange;v=b3',
  'user-agent' => 'Mozilla/5.0 (Windows NT 6.1; Win64; x64) AppleWebKit/537.36 (KHTML, like Gecko) Chrome/73.0.3683.86 Safari/537.36',
  'upgrade-insecure-requests' => '1',
  'cache-control' => 'max-age=0',
  'connection' => 'close',
  'host' => 'www.03kj.com',
)
[ info ] [ PARAM ] array (
)
---------------------------------------------------------------
[2019-07-20T09:02:20+08:00] 127.0.0.1 GET www.03kj.com/index.php/admin/login/login.html
[运行时间：0.123007s] [吞吐率：8.13req/s] [内存消耗：1,668.30kb] [文件加载：67]
[ info ] [ LANG ] C:\phpStudy\PHPTutorial\WWW\03kj\shop\thinkphp\lang\zh-cn.php
[ info ] [ ROUTE ] array (
)
[ info ] [ HEADER ] array (
  'cookie' => 'PHPSESSID=lhhtsvpua01gs6pho494s8utqp',
  'accept-language' => 'zh-CN,zh;q=0.9',
  'accept-encoding' => 'gzip, deflate',
  'accept' => 'text/html,application/xhtml+xml,application/xml;q=0.9,image/webp,image/apng,*/*;q=0.8,application/signed-exchange;v=b3',
  'user-agent' => 'Mozilla/5.0 (Windows NT 6.1; Win64; x64) AppleWebKit/537.36 (KHTML, like Gecko) Chrome/73.0.3683.86 Safari/537.36',
  'upgrade-insecure-requests' => '1',
  'cache-control' => 'max-age=0',
  'connection' => 'close',
  'host' => 'www.03kj.com',
)
[ info ] [ PARAM ] array (
)
[ info ] [ VIEW ] C:\phpStudy\PHPTutorial\WWW\03kj\shop\application\admin\view\login\login.html [ array (
) ]
---------------------------------------------------------------
[2019-07-20T09:02:20+08:00] 127.0.0.1 GET www.03kj.com/index.php/captcha.html
[运行时间：0.083005s] [吞吐率：12.05req/s] [内存消耗：1,166.52kb] [文件加载：55]
[ info ] [ LANG ] C:\phpStudy\PHPTutorial\WWW\03kj\shop\thinkphp\lang\zh-cn.php
[ info ] [ ROUTE ] array (
  'rule' => 'captcha/<id?>',
  'route' => '\\think\\captcha\\CaptchaController@index',
  'option' => 
  array (
    'merge_rule_regex' => false,
  ),
  'var' => 
  array (
  ),
)
[ info ] [ HEADER ] array (
  'cookie' => 'PHPSESSID=lhhtsvpua01gs6pho494s8utqp',
  'accept-language' => 'zh-CN,zh;q=0.9',
  'accept-encoding' => 'gzip, deflate',
  'referer' => 'http://www.03kj.com/index.php/admin/login/login.html',
  'accept' => 'image/webp,image/apng,image/*,*/*;q=0.8',
  'user-agent' => 'Mozilla/5.0 (Windows NT 6.1; Win64; x64) AppleWebKit/537.36 (KHTML, like Gecko) Chrome/73.0.3683.86 Safari/537.36',
  'connection' => 'close',
  'host' => 'www.03kj.com',
)
[ info ] [ PARAM ] array (
)
---------------------------------------------------------------
[2019-07-20T09:02:26+08:00] 127.0.0.1 GET www.03kj.com/index.php/captcha.html?0.21198856617518924
[运行时间：0.071004s] [吞吐率：14.08req/s] [内存消耗：1,167.19kb] [文件加载：55]
[ info ] [ LANG ] C:\phpStudy\PHPTutorial\WWW\03kj\shop\thinkphp\lang\zh-cn.php
[ info ] [ ROUTE ] array (
  'rule' => 'captcha/<id?>',
  'route' => '\\think\\captcha\\CaptchaController@index',
  'option' => 
  array (
    'merge_rule_regex' => false,
  ),
  'var' => 
  array (
  ),
)
[ info ] [ HEADER ] array (
  'cookie' => 'PHPSESSID=lhhtsvpua01gs6pho494s8utqp',
  'accept-language' => 'zh-CN,zh;q=0.9',
  'accept-encoding' => 'gzip, deflate',
  'referer' => 'http://www.03kj.com/index.php/admin/login/login.html',
  'accept' => 'image/webp,image/apng,image/*,*/*;q=0.8',
  'user-agent' => 'Mozilla/5.0 (Windows NT 6.1; Win64; x64) AppleWebKit/537.36 (KHTML, like Gecko) Chrome/73.0.3683.86 Safari/537.36',
  'connection' => 'close',
  'host' => 'www.03kj.com',
)
[ info ] [ PARAM ] array (
  '0_21198856617518924' => '',
)
---------------------------------------------------------------
[2019-07-20T09:02:50+08:00] 127.0.0.1 POST www.03kj.com/index.php/admin/login/loginaction.html
[运行时间：15.772474s] [吞吐率：0.06req/s] [内存消耗：2,731.32kb] [文件加载：81]
[ info ] [ LANG ] C:\phpStudy\PHPTutorial\WWW\03kj\shop\thinkphp\lang\zh-cn.php
[ info ] [ ROUTE ] array (
)
[ info ] [ HEADER ] array (
  'cookie' => 'thinkphp_show_page_trace=0|0; PHPSESSID=lhhtsvpua01gs6pho494s8utqp',
  'accept-language' => 'zh-CN,zh;q=0.9',
  'accept-encoding' => 'gzip, deflate',
  'referer' => 'http://www.03kj.com/index.php/admin/login/login.html',
  'content-type' => 'application/x-www-form-urlencoded; charset=UTF-8',
  'user-agent' => 'Mozilla/5.0 (Windows NT 6.1; Win64; x64) AppleWebKit/537.36 (KHTML, like Gecko) Chrome/73.0.3683.86 Safari/537.36',
  'x-requested-with' => 'XMLHttpRequest',
  'origin' => 'http://www.03kj.com',
  'accept' => 'application/json, text/javascript, */*; q=0.01',
  'content-length' => '49',
  'connection' => 'close',
  'host' => 'www.03kj.com',
)
[ info ] [ PARAM ] array (
  'code' => 'd5ggf',
  'name' => '校长',
  'password' => '12345',
)
[ info ] [ DB ] INIT mysql
[ sql ] [ DB ] CONNECT:[ UseTime:15.249862s ] mysql:host=129.28.170.193;dbname=cms;charset=utf8
[ sql ] [ SQL ] SHOW COLUMNS FROM `user` [ RunTime:0.091005s ]
[ sql ] [ SQL ] SELECT * FROM `user` WHERE  `user_name` = '校长'  AND `password` = '827ccb0eea8a706c4c34a16891f84e7b' LIMIT 1 [ RunTime:0.093600s ]
[ sql ] [ SQL ] SHOW COLUMNS FROM `permission` [ RunTime:0.109201s ]
[ sql ] [ SQL ] SELECT * FROM `permission` `p` INNER JOIN `role_permission` `rp` ON `p`.`id`=`rp`.`permission_id` INNER JOIN `user_role` `ur` ON `rp`.`role_id`=`ur`.`role_id` WHERE  `ur`.`user_id` = '3' [ RunTime:0.078000s ]
---------------------------------------------------------------
[2019-07-20T09:02:50+08:00] 127.0.0.1 POST www.03kj.com/index.php/admin/login/loginaction.html
[运行时间：11.189772s] [吞吐率：0.09req/s] [内存消耗：1,627.67kb] [文件加载：64]
[ info ] [ LANG ] C:\phpStudy\PHPTutorial\WWW\03kj\shop\thinkphp\lang\zh-cn.php
[ info ] [ ROUTE ] array (
)
[ info ] [ HEADER ] array (
  'cookie' => 'thinkphp_show_page_trace=0|0; PHPSESSID=lhhtsvpua01gs6pho494s8utqp',
  'accept-language' => 'zh-CN,zh;q=0.9',
  'accept-encoding' => 'gzip, deflate',
  'referer' => 'http://www.03kj.com/index.php/admin/login/login.html',
  'content-type' => 'application/x-www-form-urlencoded; charset=UTF-8',
  'user-agent' => 'Mozilla/5.0 (Windows NT 6.1; Win64; x64) AppleWebKit/537.36 (KHTML, like Gecko) Chrome/73.0.3683.86 Safari/537.36',
  'x-requested-with' => 'XMLHttpRequest',
  'origin' => 'http://www.03kj.com',
  'accept' => 'application/json, text/javascript, */*; q=0.01',
  'content-length' => '49',
  'connection' => 'close',
  'host' => 'www.03kj.com',
)
[ info ] [ PARAM ] array (
  'code' => 'd5ggf',
  'name' => '校长',
  'password' => '12345',
)
---------------------------------------------------------------
[2019-07-20T09:02:50+08:00] 127.0.0.1 POST www.03kj.com/index.php/admin/login/loginaction.html
[运行时间：4.265472s] [吞吐率：0.23req/s] [内存消耗：1,627.67kb] [文件加载：64]
[ info ] [ LANG ] C:\phpStudy\PHPTutorial\WWW\03kj\shop\thinkphp\lang\zh-cn.php
[ info ] [ ROUTE ] array (
)
[ info ] [ HEADER ] array (
  'cookie' => 'thinkphp_show_page_trace=0|0; PHPSESSID=lhhtsvpua01gs6pho494s8utqp',
  'accept-language' => 'zh-CN,zh;q=0.9',
  'accept-encoding' => 'gzip, deflate',
  'referer' => 'http://www.03kj.com/index.php/admin/login/login.html',
  'content-type' => 'application/x-www-form-urlencoded; charset=UTF-8',
  'user-agent' => 'Mozilla/5.0 (Windows NT 6.1; Win64; x64) AppleWebKit/537.36 (KHTML, like Gecko) Chrome/73.0.3683.86 Safari/537.36',
  'x-requested-with' => 'XMLHttpRequest',
  'origin' => 'http://www.03kj.com',
  'accept' => 'application/json, text/javascript, */*; q=0.01',
  'content-length' => '49',
  'connection' => 'close',
  'host' => 'www.03kj.com',
)
[ info ] [ PARAM ] array (
  'code' => 'd5ggf',
  'name' => '校长',
  'password' => '12345',
)
---------------------------------------------------------------
[2019-07-20T09:02:50+08:00] 127.0.0.1 GET www.03kj.com/index.php/captcha.html?0.25676058601223883
[运行时间：0.080005s] [吞吐率：12.50req/s] [内存消耗：1,192.04kb] [文件加载：55]
[ info ] [ LANG ] C:\phpStudy\PHPTutorial\WWW\03kj\shop\thinkphp\lang\zh-cn.php
[ info ] [ ROUTE ] array (
  'rule' => 'captcha/<id?>',
  'route' => '\\think\\captcha\\CaptchaController@index',
  'option' => 
  array (
    'merge_rule_regex' => false,
  ),
  'var' => 
  array (
  ),
)
[ info ] [ HEADER ] array (
  'cookie' => 'PHPSESSID=lhhtsvpua01gs6pho494s8utqp',
  'accept-language' => 'zh-CN,zh;q=0.9',
  'accept-encoding' => 'gzip, deflate',
  'referer' => 'http://www.03kj.com/index.php/admin/login/login.html',
  'accept' => 'image/webp,image/apng,image/*,*/*;q=0.8',
  'user-agent' => 'Mozilla/5.0 (Windows NT 6.1; Win64; x64) AppleWebKit/537.36 (KHTML, like Gecko) Chrome/73.0.3683.86 Safari/537.36',
  'connection' => 'close',
  'host' => 'www.03kj.com',
)
[ info ] [ PARAM ] array (
  '0_25676058601223883' => '',
)
---------------------------------------------------------------
[2019-07-20T09:02:50+08:00] 127.0.0.1 GET www.03kj.com/index.php/admin/index/index.html
[运行时间：0.172010s] [吞吐率：5.81req/s] [内存消耗：1,904.55kb] [文件加载：74]
[ info ] [ LANG ] C:\phpStudy\PHPTutorial\WWW\03kj\shop\thinkphp\lang\zh-cn.php
[ info ] [ ROUTE ] array (
)
[ info ] [ HEADER ] array (
  'cookie' => 'PHPSESSID=lhhtsvpua01gs6pho494s8utqp',
  'accept-language' => 'zh-CN,zh;q=0.9',
  'accept-encoding' => 'gzip, deflate',
  'referer' => 'http://www.03kj.com/index.php/admin/login/login.html',
  'accept' => 'text/html,application/xhtml+xml,application/xml;q=0.9,image/webp,image/apng,*/*;q=0.8,application/signed-exchange;v=b3',
  'user-agent' => 'Mozilla/5.0 (Windows NT 6.1; Win64; x64) AppleWebKit/537.36 (KHTML, like Gecko) Chrome/73.0.3683.86 Safari/537.36',
  'upgrade-insecure-requests' => '1',
  'connection' => 'close',
  'host' => 'www.03kj.com',
)
[ info ] [ PARAM ] array (
)
[ info ] [ VIEW ] C:\phpStudy\PHPTutorial\WWW\03kj\shop\application\admin\view\index\index.html [ array (
  0 => 'name',
) ]
---------------------------------------------------------------
[2019-07-20T09:02:51+08:00] 127.0.0.1 GET www.03kj.com/index.php/captcha.html?0.15616931848422322
[运行时间：0.172010s] [吞吐率：5.81req/s] [内存消耗：1,192.04kb] [文件加载：55]
[ info ] [ LANG ] C:\phpStudy\PHPTutorial\WWW\03kj\shop\thinkphp\lang\zh-cn.php
[ info ] [ ROUTE ] array (
  'rule' => 'captcha/<id?>',
  'route' => '\\think\\captcha\\CaptchaController@index',
  'option' => 
  array (
    'merge_rule_regex' => false,
  ),
  'var' => 
  array (
  ),
)
[ info ] [ HEADER ] array (
  'cookie' => 'PHPSESSID=lhhtsvpua01gs6pho494s8utqp',
  'accept-language' => 'zh-CN,zh;q=0.9',
  'accept-encoding' => 'gzip, deflate',
  'referer' => 'http://www.03kj.com/index.php/admin/login/login.html',
  'accept' => 'image/webp,image/apng,image/*,*/*;q=0.8',
  'user-agent' => 'Mozilla/5.0 (Windows NT 6.1; Win64; x64) AppleWebKit/537.36 (KHTML, like Gecko) Chrome/73.0.3683.86 Safari/537.36',
  'connection' => 'close',
  'host' => 'www.03kj.com',
)
[ info ] [ PARAM ] array (
  '0_15616931848422322' => '',
)
---------------------------------------------------------------
[2019-07-20T09:02:51+08:00] 127.0.0.1 POST www.03kj.com/index.php/admin/login/loginaction.html
[运行时间：0.106006s] [吞吐率：9.43req/s] [内存消耗：1,628.11kb] [文件加载：64]
[ info ] [ LANG ] C:\phpStudy\PHPTutorial\WWW\03kj\shop\thinkphp\lang\zh-cn.php
[ info ] [ ROUTE ] array (
)
[ info ] [ HEADER ] array (
  'cookie' => 'thinkphp_show_page_trace=0|0; PHPSESSID=lhhtsvpua01gs6pho494s8utqp',
  'accept-language' => 'zh-CN,zh;q=0.9',
  'accept-encoding' => 'gzip, deflate',
  'referer' => 'http://www.03kj.com/index.php/admin/login/login.html',
  'content-type' => 'application/x-www-form-urlencoded; charset=UTF-8',
  'user-agent' => 'Mozilla/5.0 (Windows NT 6.1; Win64; x64) AppleWebKit/537.36 (KHTML, like Gecko) Chrome/73.0.3683.86 Safari/537.36',
  'x-requested-with' => 'XMLHttpRequest',
  'origin' => 'http://www.03kj.com',
  'accept' => 'application/json, text/javascript, */*; q=0.01',
  'content-length' => '49',
  'connection' => 'close',
  'host' => 'www.03kj.com',
)
[ info ] [ PARAM ] array (
  'code' => 'd5ggf',
  'name' => '校长',
  'password' => '12345',
)
---------------------------------------------------------------
[2019-07-20T09:02:51+08:00] 127.0.0.1 GET www.03kj.com/index.php/admin/index/favicon.ico
[运行时间：0.116002s] [吞吐率：8.62req/s] [内存消耗：1,670.69kb] [文件加载：71]
[ info ] [ LANG ] C:\phpStudy\PHPTutorial\WWW\03kj\shop\thinkphp\lang\zh-cn.php
[ info ] [ ROUTE ] array (
)
[ info ] [ HEADER ] array (
  'cookie' => 'thinkphp_show_page_trace=0|0; PHPSESSID=lhhtsvpua01gs6pho494s8utqp',
  'accept-language' => 'zh-CN,zh;q=0.9',
  'accept-encoding' => 'gzip, deflate',
  'referer' => 'http://www.03kj.com/index.php/admin/index/index.html',
  'accept' => 'image/webp,image/apng,image/*,*/*;q=0.8',
  'user-agent' => 'Mozilla/5.0 (Windows NT 6.1; Win64; x64) AppleWebKit/537.36 (KHTML, like Gecko) Chrome/73.0.3683.86 Safari/537.36',
  'connection' => 'close',
  'host' => 'www.03kj.com',
)
[ info ] [ PARAM ] array (
)
---------------------------------------------------------------
[2019-07-20T09:02:51+08:00] 127.0.0.1 GET www.03kj.com/index.php/captcha.html?0.48442901975472386
[运行时间：0.062401s] [吞吐率：16.03req/s] [内存消耗：1,192.04kb] [文件加载：55]
[ info ] [ LANG ] C:\phpStudy\PHPTutorial\WWW\03kj\shop\thinkphp\lang\zh-cn.php
[ info ] [ ROUTE ] array (
  'rule' => 'captcha/<id?>',
  'route' => '\\think\\captcha\\CaptchaController@index',
  'option' => 
  array (
    'merge_rule_regex' => false,
  ),
  'var' => 
  array (
  ),
)
[ info ] [ HEADER ] array (
  'cookie' => 'PHPSESSID=lhhtsvpua01gs6pho494s8utqp',
  'accept-language' => 'zh-CN,zh;q=0.9',
  'accept-encoding' => 'gzip, deflate',
  'referer' => 'http://www.03kj.com/index.php/admin/login/login.html',
  'accept' => 'image/webp,image/apng,image/*,*/*;q=0.8',
  'user-agent' => 'Mozilla/5.0 (Windows NT 6.1; Win64; x64) AppleWebKit/537.36 (KHTML, like Gecko) Chrome/73.0.3683.86 Safari/537.36',
  'connection' => 'close',
  'host' => 'www.03kj.com',
)
[ info ] [ PARAM ] array (
  '0_48442901975472386' => '',
)
---------------------------------------------------------------
[2019-07-20T09:35:37+08:00] 127.0.0.1 GET www.03kj.com/index.php/admin/goodsp/list.html
[运行时间：0.173010s] [吞吐率：5.78req/s] [内存消耗：1,744.58kb] [文件加载：70]
[ info ] [ LANG ] C:\phpStudy\PHPTutorial\WWW\03kj\shop\thinkphp\lang\zh-cn.php
[ info ] [ ROUTE ] array (
)
[ info ] [ HEADER ] array (
  'cookie' => 'PHPSESSID=lhhtsvpua01gs6pho494s8utqp',
  'accept-language' => 'zh-CN,zh;q=0.9',
  'accept-encoding' => 'gzip, deflate',
  'referer' => 'http://www.03kj.com/index.php/admin/index/index.html',
  'accept' => 'text/html,application/xhtml+xml,application/xml;q=0.9,image/webp,image/apng,*/*;q=0.8,application/signed-exchange;v=b3',
  'user-agent' => 'Mozilla/5.0 (Windows NT 6.1; Win64; x64) AppleWebKit/537.36 (KHTML, like Gecko) Chrome/73.0.3683.86 Safari/537.36',
  'upgrade-insecure-requests' => '1',
  'connection' => 'close',
  'host' => 'www.03kj.com',
)
[ info ] [ PARAM ] array (
)
[ info ] [ VIEW ] C:\phpStudy\PHPTutorial\WWW\03kj\shop\application\admin\view\goodsp\list.html [ array (
  0 => 'name',
  1 => 'goods_id',
) ]
---------------------------------------------------------------
[2019-07-20T09:35:38+08:00] 127.0.0.1 POST www.03kj.com/index.php/admin/goodsp/getcate.html
[运行时间：0.348020s] [吞吐率：2.87req/s] [内存消耗：2,423.56kb] [文件加载：72]
[ info ] [ LANG ] C:\phpStudy\PHPTutorial\WWW\03kj\shop\thinkphp\lang\zh-cn.php
[ info ] [ ROUTE ] array (
)
[ info ] [ HEADER ] array (
  'cookie' => 'thinkphp_show_page_trace=0|0; PHPSESSID=lhhtsvpua01gs6pho494s8utqp',
  'accept-language' => 'zh-CN,zh;q=0.9',
  'accept-encoding' => 'gzip, deflate',
  'referer' => 'http://www.03kj.com/index.php/admin/goodsp/list.html',
  'content-type' => 'application/x-www-form-urlencoded; charset=UTF-8',
  'user-agent' => 'Mozilla/5.0 (Windows NT 6.1; Win64; x64) AppleWebKit/537.36 (KHTML, like Gecko) Chrome/73.0.3683.86 Safari/537.36',
  'x-requested-with' => 'XMLHttpRequest',
  'origin' => 'http://www.03kj.com',
  'accept' => 'application/json, text/javascript, */*; q=0.01',
  'content-length' => '9',
  'connection' => 'close',
  'host' => 'www.03kj.com',
)
[ info ] [ PARAM ] array (
  'goods_id' => '',
)
[ info ] [ DB ] INIT mysql
[ sql ] [ DB ] CONNECT:[ UseTime:0.149009s ] mysql:host=129.28.170.193;dbname=cms;charset=utf8
[ sql ] [ SQL ] select attribute.id as a_id,attribute.name as a_name,goodsattr.attr_id as ga_attr_id,goodsattr.attr_details_id as ga_ad_id,attrdetails.name as ad_name,attrdetails.id as a_d_id from attribute join goodsattr on attribute.id=goodsattr.attr_id join attrdetails on goodsattr.attr_details_id=attrdetails.id where goodsattr.goods_id='' [ RunTime:0.089005s ]
---------------------------------------------------------------
[2019-07-20T09:35:39+08:00] 127.0.0.1 POST www.03kj.com/index.php/admin/goodsp/show.html
[运行时间：0.306017s] [吞吐率：3.27req/s] [内存消耗：2,417.20kb] [文件加载：77]
[ info ] [ LANG ] C:\phpStudy\PHPTutorial\WWW\03kj\shop\thinkphp\lang\zh-cn.php
[ info ] [ ROUTE ] array (
)
[ info ] [ HEADER ] array (
  'cookie' => 'thinkphp_show_page_trace=0|0; PHPSESSID=lhhtsvpua01gs6pho494s8utqp',
  'accept-language' => 'zh-CN,zh;q=0.9',
  'accept-encoding' => 'gzip, deflate',
  'referer' => 'http://www.03kj.com/index.php/admin/goodsp/list.html',
  'content-type' => 'application/x-www-form-urlencoded; charset=UTF-8',
  'user-agent' => 'Mozilla/5.0 (Windows NT 6.1; Win64; x64) AppleWebKit/537.36 (KHTML, like Gecko) Chrome/73.0.3683.86 Safari/537.36',
  'x-requested-with' => 'XMLHttpRequest',
  'origin' => 'http://www.03kj.com',
  'accept' => 'application/json, text/javascript, */*; q=0.01',
  'content-length' => '9',
  'connection' => 'close',
  'host' => 'www.03kj.com',
)
[ info ] [ PARAM ] array (
  'goods_id' => '',
)
[ info ] [ DB ] INIT mysql
[ sql ] [ DB ] CONNECT:[ UseTime:0.142008s ] mysql:host=129.28.170.193;dbname=cms;charset=utf8
[ error ] [10501]SQLSTATE[42000]: Syntax error or access violation: 1064 You have an error in your SQL syntax; check the manual that corresponds to your MySQL server version for the right syntax to use near '' at line 1[C:\phpStudy\PHPTutorial\WWW\03kj\shop\thinkphp\library\think\db\Connection.php:687]
---------------------------------------------------------------
[2019-07-20T09:35:39+08:00] 127.0.0.1 GET www.03kj.com/index.php/admin/goodsp/favicon.ico
[运行时间：0.235014s] [吞吐率：4.26req/s] [内存消耗：1,680.77kb] [文件加载：71]
[ info ] [ LANG ] C:\phpStudy\PHPTutorial\WWW\03kj\shop\thinkphp\lang\zh-cn.php
[ info ] [ ROUTE ] array (
)
[ info ] [ HEADER ] array (
  'cookie' => 'thinkphp_show_page_trace=0|0; PHPSESSID=lhhtsvpua01gs6pho494s8utqp',
  'accept-language' => 'zh-CN,zh;q=0.9',
  'accept-encoding' => 'gzip, deflate',
  'referer' => 'http://www.03kj.com/index.php/admin/goodsp/list.html',
  'accept' => 'image/webp,image/apng,image/*,*/*;q=0.8',
  'user-agent' => 'Mozilla/5.0 (Windows NT 6.1; Win64; x64) AppleWebKit/537.36 (KHTML, like Gecko) Chrome/73.0.3683.86 Safari/537.36',
  'connection' => 'close',
  'host' => 'www.03kj.com',
)
[ info ] [ PARAM ] array (
)
---------------------------------------------------------------
[2019-07-20T10:08:25+08:00] 127.0.0.1 GET www.03kj.com/index.php/admin/goods/list.html
[运行时间：0.170010s] [吞吐率：5.88req/s] [内存消耗：1,743.73kb] [文件加载：70]
[ info ] [ LANG ] C:\phpStudy\PHPTutorial\WWW\03kj\shop\thinkphp\lang\zh-cn.php
[ info ] [ ROUTE ] array (
)
[ info ] [ HEADER ] array (
  'cookie' => 'PHPSESSID=lhhtsvpua01gs6pho494s8utqp',
  'accept-language' => 'zh-CN,zh;q=0.9',
  'accept-encoding' => 'gzip, deflate',
  'referer' => 'http://www.03kj.com/index.php/admin/goodsp/list.html',
  'accept' => 'text/html,application/xhtml+xml,application/xml;q=0.9,image/webp,image/apng,*/*;q=0.8,application/signed-exchange;v=b3',
  'user-agent' => 'Mozilla/5.0 (Windows NT 6.1; Win64; x64) AppleWebKit/537.36 (KHTML, like Gecko) Chrome/73.0.3683.86 Safari/537.36',
  'upgrade-insecure-requests' => '1',
  'connection' => 'close',
  'host' => 'www.03kj.com',
)
[ info ] [ PARAM ] array (
)
[ info ] [ VIEW ] C:\phpStudy\PHPTutorial\WWW\03kj\shop\application\admin\view\goods\list.html [ array (
  0 => 'name',
) ]
---------------------------------------------------------------
[2019-07-20T10:08:25+08:00] 127.0.0.1 GET www.03kj.com/index.php/admin/goods/show.html
[运行时间：0.371021s] [吞吐率：2.70req/s] [内存消耗：2,426.09kb] [文件加载：72]
[ info ] [ LANG ] C:\phpStudy\PHPTutorial\WWW\03kj\shop\thinkphp\lang\zh-cn.php
[ info ] [ ROUTE ] array (
)
[ info ] [ HEADER ] array (
  'cookie' => 'PHPSESSID=lhhtsvpua01gs6pho494s8utqp',
  'accept-language' => 'zh-CN,zh;q=0.9',
  'accept-encoding' => 'gzip, deflate',
  'referer' => 'http://www.03kj.com/index.php/admin/goods/list.html',
  'user-agent' => 'Mozilla/5.0 (Windows NT 6.1; Win64; x64) AppleWebKit/537.36 (KHTML, like Gecko) Chrome/73.0.3683.86 Safari/537.36',
  'x-requested-with' => 'XMLHttpRequest',
  'accept' => '*/*',
  'connection' => 'close',
  'host' => 'www.03kj.com',
)
[ info ] [ PARAM ] array (
)
[ info ] [ DB ] INIT mysql
[ sql ] [ DB ] CONNECT:[ UseTime:0.148008s ] mysql:host=129.28.170.193;dbname=cms;charset=utf8
[ sql ] [ SQL ] select goods.id,goods.name,goods.description,goods.price,goods.online_status,goods_category.name as g_c_name,brand.name as brand_name from goods left join goods_category on goods_category.id=goods.goodscate_id left join brand on brand.id=goods.brand_id [ RunTime:0.091006s ]
---------------------------------------------------------------
[2019-07-20T10:08:26+08:00] 127.0.0.1 GET www.03kj.com/index.php/admin/brand/show.html
[运行时间：0.420025s] [吞吐率：2.38req/s] [内存消耗：2,429.14kb] [文件加载：72]
[ info ] [ LANG ] C:\phpStudy\PHPTutorial\WWW\03kj\shop\thinkphp\lang\zh-cn.php
[ info ] [ ROUTE ] array (
)
[ info ] [ HEADER ] array (
  'cookie' => 'PHPSESSID=lhhtsvpua01gs6pho494s8utqp',
  'accept-language' => 'zh-CN,zh;q=0.9',
  'accept-encoding' => 'gzip, deflate',
  'referer' => 'http://www.03kj.com/index.php/admin/goods/list.html',
  'user-agent' => 'Mozilla/5.0 (Windows NT 6.1; Win64; x64) AppleWebKit/537.36 (KHTML, like Gecko) Chrome/73.0.3683.86 Safari/537.36',
  'x-requested-with' => 'XMLHttpRequest',
  'accept' => 'application/json, text/javascript, */*; q=0.01',
  'connection' => 'close',
  'host' => 'www.03kj.com',
)
[ info ] [ PARAM ] array (
)
[ info ] [ DB ] INIT mysql
[ sql ] [ DB ] CONNECT:[ UseTime:0.175010s ] mysql:host=129.28.170.193;dbname=cms;charset=utf8
[ sql ] [ SQL ] select * from brand [ RunTime:0.104006s ]
---------------------------------------------------------------
[2019-07-20T10:08:26+08:00] 127.0.0.1 GET www.03kj.com/index.php/admin/goods/favicon.ico
[运行时间：0.283016s] [吞吐率：3.53req/s] [内存消耗：1,681.76kb] [文件加载：71]
[ info ] [ LANG ] C:\phpStudy\PHPTutorial\WWW\03kj\shop\thinkphp\lang\zh-cn.php
[ info ] [ ROUTE ] array (
)
[ info ] [ HEADER ] array (
  'cookie' => 'thinkphp_show_page_trace=0|0; PHPSESSID=lhhtsvpua01gs6pho494s8utqp',
  'accept-language' => 'zh-CN,zh;q=0.9',
  'accept-encoding' => 'gzip, deflate',
  'referer' => 'http://www.03kj.com/index.php/admin/goods/list.html',
  'accept' => 'image/webp,image/apng,image/*,*/*;q=0.8',
  'user-agent' => 'Mozilla/5.0 (Windows NT 6.1; Win64; x64) AppleWebKit/537.36 (KHTML, like Gecko) Chrome/73.0.3683.86 Safari/537.36',
  'connection' => 'close',
  'host' => 'www.03kj.com',
)
[ info ] [ PARAM ] array (
)
---------------------------------------------------------------
[2019-07-20T10:31:44+08:00] 127.0.0.1 GET www.03kj.com/index.php/admin/goods/list.html
[运行时间：0.139008s] [吞吐率：7.19req/s] [内存消耗：1,744.05kb] [文件加载：70]
[ info ] [ LANG ] C:\phpStudy\PHPTutorial\WWW\03kj\shop\thinkphp\lang\zh-cn.php
[ info ] [ ROUTE ] array (
)
[ info ] [ HEADER ] array (
  'cookie' => 'thinkphp_show_page_trace=0|0; PHPSESSID=lhhtsvpua01gs6pho494s8utqp',
  'accept-language' => 'zh-CN,zh;q=0.9',
  'accept-encoding' => 'gzip, deflate',
  'referer' => 'http://www.03kj.com/index.php/admin/goods/list.html',
  'accept' => 'text/html,application/xhtml+xml,application/xml;q=0.9,image/webp,image/apng,*/*;q=0.8,application/signed-exchange;v=b3',
  'user-agent' => 'Mozilla/5.0 (Windows NT 6.1; Win64; x64) AppleWebKit/537.36 (KHTML, like Gecko) Chrome/73.0.3683.86 Safari/537.36',
  'upgrade-insecure-requests' => '1',
  'connection' => 'close',
  'host' => 'www.03kj.com',
)
[ info ] [ PARAM ] array (
)
[ info ] [ VIEW ] C:\phpStudy\PHPTutorial\WWW\03kj\shop\application\admin\view\goods\list.html [ array (
  0 => 'name',
) ]
---------------------------------------------------------------
[2019-07-20T10:31:44+08:00] 127.0.0.1 GET www.03kj.com/index.php/admin/goods/show.html
[运行时间：0.346020s] [吞吐率：2.89req/s] [内存消耗：2,426.38kb] [文件加载：72]
[ info ] [ LANG ] C:\phpStudy\PHPTutorial\WWW\03kj\shop\thinkphp\lang\zh-cn.php
[ info ] [ ROUTE ] array (
)
[ info ] [ HEADER ] array (
  'cookie' => 'thinkphp_show_page_trace=0|0; PHPSESSID=lhhtsvpua01gs6pho494s8utqp',
  'accept-language' => 'zh-CN,zh;q=0.9',
  'accept-encoding' => 'gzip, deflate',
  'referer' => 'http://www.03kj.com/index.php/admin/goods/list.html',
  'user-agent' => 'Mozilla/5.0 (Windows NT 6.1; Win64; x64) AppleWebKit/537.36 (KHTML, like Gecko) Chrome/73.0.3683.86 Safari/537.36',
  'x-requested-with' => 'XMLHttpRequest',
  'accept' => '*/*',
  'connection' => 'close',
  'host' => 'www.03kj.com',
)
[ info ] [ PARAM ] array (
)
[ info ] [ DB ] INIT mysql
[ sql ] [ DB ] CONNECT:[ UseTime:0.149008s ] mysql:host=129.28.170.193;dbname=cms;charset=utf8
[ sql ] [ SQL ] select goods.id,goods.name,goods.description,goods.price,goods.online_status,goods_category.name as g_c_name,brand.name as brand_name from goods left join goods_category on goods_category.id=goods.goodscate_id left join brand on brand.id=goods.brand_id [ RunTime:0.092005s ]
---------------------------------------------------------------
[2019-07-20T10:31:45+08:00] 127.0.0.1 GET www.03kj.com/index.php/admin/brand/show.html
[运行时间：0.326019s] [吞吐率：3.07req/s] [内存消耗：2,429.14kb] [文件加载：72]
[ info ] [ LANG ] C:\phpStudy\PHPTutorial\WWW\03kj\shop\thinkphp\lang\zh-cn.php
[ info ] [ ROUTE ] array (
)
[ info ] [ HEADER ] array (
  'cookie' => 'PHPSESSID=lhhtsvpua01gs6pho494s8utqp',
  'accept-language' => 'zh-CN,zh;q=0.9',
  'accept-encoding' => 'gzip, deflate',
  'referer' => 'http://www.03kj.com/index.php/admin/goods/list.html',
  'user-agent' => 'Mozilla/5.0 (Windows NT 6.1; Win64; x64) AppleWebKit/537.36 (KHTML, like Gecko) Chrome/73.0.3683.86 Safari/537.36',
  'x-requested-with' => 'XMLHttpRequest',
  'accept' => 'application/json, text/javascript, */*; q=0.01',
  'connection' => 'close',
  'host' => 'www.03kj.com',
)
[ info ] [ PARAM ] array (
)
[ info ] [ DB ] INIT mysql
[ sql ] [ DB ] CONNECT:[ UseTime:0.135007s ] mysql:host=129.28.170.193;dbname=cms;charset=utf8
[ sql ] [ SQL ] select * from brand [ RunTime:0.089005s ]
---------------------------------------------------------------
[2019-07-20T10:33:15+08:00] 127.0.0.1 GET www.03kj.com/index.php/admin/goodsp/list.html?id=1
[运行时间：0.130007s] [吞吐率：7.69req/s] [内存消耗：1,745.45kb] [文件加载：70]
[ info ] [ LANG ] C:\phpStudy\PHPTutorial\WWW\03kj\shop\thinkphp\lang\zh-cn.php
[ info ] [ ROUTE ] array (
)
[ info ] [ HEADER ] array (
  'cookie' => 'thinkphp_show_page_trace=0|0; PHPSESSID=lhhtsvpua01gs6pho494s8utqp',
  'accept-language' => 'zh-CN,zh;q=0.9',
  'accept-encoding' => 'gzip, deflate',
  'referer' => 'http://www.03kj.com/index.php/admin/goods/list.html',
  'accept' => 'text/html,application/xhtml+xml,application/xml;q=0.9,image/webp,image/apng,*/*;q=0.8,application/signed-exchange;v=b3',
  'user-agent' => 'Mozilla/5.0 (Windows NT 6.1; Win64; x64) AppleWebKit/537.36 (KHTML, like Gecko) Chrome/73.0.3683.86 Safari/537.36',
  'upgrade-insecure-requests' => '1',
  'connection' => 'close',
  'host' => 'www.03kj.com',
)
[ info ] [ PARAM ] array (
  'id' => '1',
)
[ info ] [ VIEW ] C:\phpStudy\PHPTutorial\WWW\03kj\shop\application\admin\view\goodsp\list.html [ array (
  0 => 'name',
  1 => 'goods_id',
) ]
---------------------------------------------------------------
[2019-07-20T10:33:16+08:00] 127.0.0.1 POST www.03kj.com/index.php/admin/goodsp/getcate.html
[运行时间：0.327019s] [吞吐率：3.06req/s] [内存消耗：2,424.52kb] [文件加载：72]
[ info ] [ LANG ] C:\phpStudy\PHPTutorial\WWW\03kj\shop\thinkphp\lang\zh-cn.php
[ info ] [ ROUTE ] array (
)
[ info ] [ HEADER ] array (
  'cookie' => 'thinkphp_show_page_trace=0|0; PHPSESSID=lhhtsvpua01gs6pho494s8utqp',
  'accept-language' => 'zh-CN,zh;q=0.9',
  'accept-encoding' => 'gzip, deflate',
  'referer' => 'http://www.03kj.com/index.php/admin/goodsp/list.html?id=1',
  'content-type' => 'application/x-www-form-urlencoded; charset=UTF-8',
  'user-agent' => 'Mozilla/5.0 (Windows NT 6.1; Win64; x64) AppleWebKit/537.36 (KHTML, like Gecko) Chrome/73.0.3683.86 Safari/537.36',
  'x-requested-with' => 'XMLHttpRequest',
  'origin' => 'http://www.03kj.com',
  'accept' => 'application/json, text/javascript, */*; q=0.01',
  'content-length' => '10',
  'connection' => 'close',
  'host' => 'www.03kj.com',
)
[ info ] [ PARAM ] array (
  'goods_id' => '1',
)
[ info ] [ DB ] INIT mysql
[ sql ] [ DB ] CONNECT:[ UseTime:0.136008s ] mysql:host=129.28.170.193;dbname=cms;charset=utf8
[ sql ] [ SQL ] select attribute.id as a_id,attribute.name as a_name,goodsattr.attr_id as ga_attr_id,goodsattr.attr_details_id as ga_ad_id,attrdetails.name as ad_name,attrdetails.id as a_d_id from attribute join goodsattr on attribute.id=goodsattr.attr_id join attrdetails on goodsattr.attr_details_id=attrdetails.id where goodsattr.goods_id='1' [ RunTime:0.090005s ]
---------------------------------------------------------------
[2019-07-20T10:33:17+08:00] 127.0.0.1 POST www.03kj.com/index.php/admin/goodsp/show.html
[运行时间：0.422024s] [吞吐率：2.37req/s] [内存消耗：2,420.73kb] [文件加载：72]
[ info ] [ LANG ] C:\phpStudy\PHPTutorial\WWW\03kj\shop\thinkphp\lang\zh-cn.php
[ info ] [ ROUTE ] array (
)
[ info ] [ HEADER ] array (
  'cookie' => 'thinkphp_show_page_trace=0|0; PHPSESSID=lhhtsvpua01gs6pho494s8utqp',
  'accept-language' => 'zh-CN,zh;q=0.9',
  'accept-encoding' => 'gzip, deflate',
  'referer' => 'http://www.03kj.com/index.php/admin/goodsp/list.html?id=1',
  'content-type' => 'application/x-www-form-urlencoded; charset=UTF-8',
  'user-agent' => 'Mozilla/5.0 (Windows NT 6.1; Win64; x64) AppleWebKit/537.36 (KHTML, like Gecko) Chrome/73.0.3683.86 Safari/537.36',
  'x-requested-with' => 'XMLHttpRequest',
  'origin' => 'http://www.03kj.com',
  'accept' => 'application/json, text/javascript, */*; q=0.01',
  'content-length' => '10',
  'connection' => 'close',
  'host' => 'www.03kj.com',
)
[ info ] [ PARAM ] array (
  'goods_id' => '1',
)
[ info ] [ DB ] INIT mysql
[ sql ] [ DB ] CONNECT:[ UseTime:0.139008s ] mysql:host=129.28.170.193;dbname=cms;charset=utf8
[ sql ] [ SQL ] select * from goodsp where goods_id=1 [ RunTime:0.094006s ]
[ sql ] [ SQL ] select * from attrdetails where id='2' [ RunTime:0.092005s ]
---------------------------------------------------------------
[2019-07-20T10:33:26+08:00] 127.0.0.1 GET www.03kj.com/index.php/admin/goods/list.html
[运行时间：0.126007s] [吞吐率：7.94req/s] [内存消耗：1,744.05kb] [文件加载：70]
[ info ] [ LANG ] C:\phpStudy\PHPTutorial\WWW\03kj\shop\thinkphp\lang\zh-cn.php
[ info ] [ ROUTE ] array (
)
[ info ] [ HEADER ] array (
  'cookie' => 'thinkphp_show_page_trace=0|0; PHPSESSID=lhhtsvpua01gs6pho494s8utqp',
  'accept-language' => 'zh-CN,zh;q=0.9',
  'accept-encoding' => 'gzip, deflate',
  'referer' => 'http://www.03kj.com/index.php/admin/goods/list.html',
  'accept' => 'text/html,application/xhtml+xml,application/xml;q=0.9,image/webp,image/apng,*/*;q=0.8,application/signed-exchange;v=b3',
  'user-agent' => 'Mozilla/5.0 (Windows NT 6.1; Win64; x64) AppleWebKit/537.36 (KHTML, like Gecko) Chrome/73.0.3683.86 Safari/537.36',
  'upgrade-insecure-requests' => '1',
  'connection' => 'close',
  'host' => 'www.03kj.com',
)
[ info ] [ PARAM ] array (
)
[ info ] [ VIEW ] C:\phpStudy\PHPTutorial\WWW\03kj\shop\application\admin\view\goods\list.html [ array (
  0 => 'name',
) ]
---------------------------------------------------------------
[2019-07-20T10:33:26+08:00] 127.0.0.1 GET www.03kj.com/index.php/admin/brand/show.html
[运行时间：0.333019s] [吞吐率：3.00req/s] [内存消耗：2,429.14kb] [文件加载：72]
[ info ] [ LANG ] C:\phpStudy\PHPTutorial\WWW\03kj\shop\thinkphp\lang\zh-cn.php
[ info ] [ ROUTE ] array (
)
[ info ] [ HEADER ] array (
  'cookie' => 'PHPSESSID=lhhtsvpua01gs6pho494s8utqp',
  'accept-language' => 'zh-CN,zh;q=0.9',
  'accept-encoding' => 'gzip, deflate',
  'referer' => 'http://www.03kj.com/index.php/admin/goods/list.html',
  'user-agent' => 'Mozilla/5.0 (Windows NT 6.1; Win64; x64) AppleWebKit/537.36 (KHTML, like Gecko) Chrome/73.0.3683.86 Safari/537.36',
  'x-requested-with' => 'XMLHttpRequest',
  'accept' => 'application/json, text/javascript, */*; q=0.01',
  'connection' => 'close',
  'host' => 'www.03kj.com',
)
[ info ] [ PARAM ] array (
)
[ info ] [ DB ] INIT mysql
[ sql ] [ DB ] CONNECT:[ UseTime:0.137008s ] mysql:host=129.28.170.193;dbname=cms;charset=utf8
[ sql ] [ SQL ] select * from brand [ RunTime:0.089005s ]
---------------------------------------------------------------
[2019-07-20T10:33:27+08:00] 127.0.0.1 GET www.03kj.com/index.php/admin/goods/show.html
[运行时间：0.394022s] [吞吐率：2.54req/s] [内存消耗：2,426.38kb] [文件加载：72]
[ info ] [ LANG ] C:\phpStudy\PHPTutorial\WWW\03kj\shop\thinkphp\lang\zh-cn.php
[ info ] [ ROUTE ] array (
)
[ info ] [ HEADER ] array (
  'cookie' => 'thinkphp_show_page_trace=0|0; PHPSESSID=lhhtsvpua01gs6pho494s8utqp',
  'accept-language' => 'zh-CN,zh;q=0.9',
  'accept-encoding' => 'gzip, deflate',
  'referer' => 'http://www.03kj.com/index.php/admin/goods/list.html',
  'user-agent' => 'Mozilla/5.0 (Windows NT 6.1; Win64; x64) AppleWebKit/537.36 (KHTML, like Gecko) Chrome/73.0.3683.86 Safari/537.36',
  'x-requested-with' => 'XMLHttpRequest',
  'accept' => '*/*',
  'connection' => 'close',
  'host' => 'www.03kj.com',
)
[ info ] [ PARAM ] array (
)
[ info ] [ DB ] INIT mysql
[ sql ] [ DB ] CONNECT:[ UseTime:0.204012s ] mysql:host=129.28.170.193;dbname=cms;charset=utf8
[ sql ] [ SQL ] select goods.id,goods.name,goods.description,goods.price,goods.online_status,goods_category.name as g_c_name,brand.name as brand_name from goods left join goods_category on goods_category.id=goods.goodscate_id left join brand on brand.id=goods.brand_id [ RunTime:0.091005s ]
---------------------------------------------------------------
[2019-07-20T10:33:29+08:00] 127.0.0.1 GET www.03kj.com/index.php/admin/goodsp/list.html?id=3
[运行时间：0.137007s] [吞吐率：7.30req/s] [内存消耗：1,745.45kb] [文件加载：70]
[ info ] [ LANG ] C:\phpStudy\PHPTutorial\WWW\03kj\shop\thinkphp\lang\zh-cn.php
[ info ] [ ROUTE ] array (
)
[ info ] [ HEADER ] array (
  'cookie' => 'thinkphp_show_page_trace=0|0; PHPSESSID=lhhtsvpua01gs6pho494s8utqp',
  'accept-language' => 'zh-CN,zh;q=0.9',
  'accept-encoding' => 'gzip, deflate',
  'referer' => 'http://www.03kj.com/index.php/admin/goods/list.html',
  'accept' => 'text/html,application/xhtml+xml,application/xml;q=0.9,image/webp,image/apng,*/*;q=0.8,application/signed-exchange;v=b3',
  'user-agent' => 'Mozilla/5.0 (Windows NT 6.1; Win64; x64) AppleWebKit/537.36 (KHTML, like Gecko) Chrome/73.0.3683.86 Safari/537.36',
  'upgrade-insecure-requests' => '1',
  'connection' => 'close',
  'host' => 'www.03kj.com',
)
[ info ] [ PARAM ] array (
  'id' => '3',
)
[ info ] [ VIEW ] C:\phpStudy\PHPTutorial\WWW\03kj\shop\application\admin\view\goodsp\list.html [ array (
  0 => 'name',
  1 => 'goods_id',
) ]
---------------------------------------------------------------
[2019-07-20T10:33:29+08:00] 127.0.0.1 POST www.03kj.com/index.php/admin/goodsp/getcate.html
[运行时间：0.325019s] [吞吐率：3.08req/s] [内存消耗：2,423.66kb] [文件加载：72]
[ info ] [ LANG ] C:\phpStudy\PHPTutorial\WWW\03kj\shop\thinkphp\lang\zh-cn.php
[ info ] [ ROUTE ] array (
)
[ info ] [ HEADER ] array (
  'cookie' => 'thinkphp_show_page_trace=0|0; PHPSESSID=lhhtsvpua01gs6pho494s8utqp',
  'accept-language' => 'zh-CN,zh;q=0.9',
  'accept-encoding' => 'gzip, deflate',
  'referer' => 'http://www.03kj.com/index.php/admin/goodsp/list.html?id=3',
  'content-type' => 'application/x-www-form-urlencoded; charset=UTF-8',
  'user-agent' => 'Mozilla/5.0 (Windows NT 6.1; Win64; x64) AppleWebKit/537.36 (KHTML, like Gecko) Chrome/73.0.3683.86 Safari/537.36',
  'x-requested-with' => 'XMLHttpRequest',
  'origin' => 'http://www.03kj.com',
  'accept' => 'application/json, text/javascript, */*; q=0.01',
  'content-length' => '10',
  'connection' => 'close',
  'host' => 'www.03kj.com',
)
[ info ] [ PARAM ] array (
  'goods_id' => '3',
)
[ info ] [ DB ] INIT mysql
[ sql ] [ DB ] CONNECT:[ UseTime:0.133007s ] mysql:host=129.28.170.193;dbname=cms;charset=utf8
[ sql ] [ SQL ] select attribute.id as a_id,attribute.name as a_name,goodsattr.attr_id as ga_attr_id,goodsattr.attr_details_id as ga_ad_id,attrdetails.name as ad_name,attrdetails.id as a_d_id from attribute join goodsattr on attribute.id=goodsattr.attr_id join attrdetails on goodsattr.attr_details_id=attrdetails.id where goodsattr.goods_id='3' [ RunTime:0.093005s ]
---------------------------------------------------------------
[2019-07-20T10:33:30+08:00] 127.0.0.1 POST www.03kj.com/index.php/admin/goodsp/show.html
[运行时间：0.327018s] [吞吐率：3.06req/s] [内存消耗：2,421.28kb] [文件加载：72]
[ info ] [ LANG ] C:\phpStudy\PHPTutorial\WWW\03kj\shop\thinkphp\lang\zh-cn.php
[ info ] [ ROUTE ] array (
)
[ info ] [ HEADER ] array (
  'cookie' => 'thinkphp_show_page_trace=0|0; PHPSESSID=lhhtsvpua01gs6pho494s8utqp',
  'accept-language' => 'zh-CN,zh;q=0.9',
  'accept-encoding' => 'gzip, deflate',
  'referer' => 'http://www.03kj.com/index.php/admin/goodsp/list.html?id=3',
  'content-type' => 'application/x-www-form-urlencoded; charset=UTF-8',
  'user-agent' => 'Mozilla/5.0 (Windows NT 6.1; Win64; x64) AppleWebKit/537.36 (KHTML, like Gecko) Chrome/73.0.3683.86 Safari/537.36',
  'x-requested-with' => 'XMLHttpRequest',
  'origin' => 'http://www.03kj.com',
  'accept' => 'application/json, text/javascript, */*; q=0.01',
  'content-length' => '10',
  'connection' => 'close',
  'host' => 'www.03kj.com',
)
[ info ] [ PARAM ] array (
  'goods_id' => '3',
)
[ info ] [ DB ] INIT mysql
[ sql ] [ DB ] CONNECT:[ UseTime:0.136008s ] mysql:host=129.28.170.193;dbname=cms;charset=utf8
[ sql ] [ SQL ] select * from goodsp where goods_id=3 [ RunTime:0.091005s ]
---------------------------------------------------------------
[2019-07-20T10:33:46+08:00] 127.0.0.1 GET www.03kj.com/index.php/admin/goodsp/list.html
[运行时间：0.130007s] [吞吐率：7.69req/s] [内存消耗：1,744.95kb] [文件加载：70]
[ info ] [ LANG ] C:\phpStudy\PHPTutorial\WWW\03kj\shop\thinkphp\lang\zh-cn.php
[ info ] [ ROUTE ] array (
)
[ info ] [ HEADER ] array (
  'cookie' => 'thinkphp_show_page_trace=0|0; PHPSESSID=lhhtsvpua01gs6pho494s8utqp',
  'accept-language' => 'zh-CN,zh;q=0.9',
  'accept-encoding' => 'gzip, deflate',
  'referer' => 'http://www.03kj.com/index.php/admin/goodsp/list.html?id=3',
  'accept' => 'text/html,application/xhtml+xml,application/xml;q=0.9,image/webp,image/apng,*/*;q=0.8,application/signed-exchange;v=b3',
  'user-agent' => 'Mozilla/5.0 (Windows NT 6.1; Win64; x64) AppleWebKit/537.36 (KHTML, like Gecko) Chrome/73.0.3683.86 Safari/537.36',
  'upgrade-insecure-requests' => '1',
  'connection' => 'close',
  'host' => 'www.03kj.com',
)
[ info ] [ PARAM ] array (
)
[ info ] [ VIEW ] C:\phpStudy\PHPTutorial\WWW\03kj\shop\application\admin\view\goodsp\list.html [ array (
  0 => 'name',
  1 => 'goods_id',
) ]
---------------------------------------------------------------
[2019-07-20T10:33:47+08:00] 127.0.0.1 POST www.03kj.com/index.php/admin/goodsp/getcate.html
[运行时间：0.333019s] [吞吐率：3.00req/s] [内存消耗：2,423.65kb] [文件加载：72]
[ info ] [ LANG ] C:\phpStudy\PHPTutorial\WWW\03kj\shop\thinkphp\lang\zh-cn.php
[ info ] [ ROUTE ] array (
)
[ info ] [ HEADER ] array (
  'cookie' => 'thinkphp_show_page_trace=0|0; PHPSESSID=lhhtsvpua01gs6pho494s8utqp',
  'accept-language' => 'zh-CN,zh;q=0.9',
  'accept-encoding' => 'gzip, deflate',
  'referer' => 'http://www.03kj.com/index.php/admin/goodsp/list.html',
  'content-type' => 'application/x-www-form-urlencoded; charset=UTF-8',
  'user-agent' => 'Mozilla/5.0 (Windows NT 6.1; Win64; x64) AppleWebKit/537.36 (KHTML, like Gecko) Chrome/73.0.3683.86 Safari/537.36',
  'x-requested-with' => 'XMLHttpRequest',
  'origin' => 'http://www.03kj.com',
  'accept' => 'application/json, text/javascript, */*; q=0.01',
  'content-length' => '9',
  'connection' => 'close',
  'host' => 'www.03kj.com',
)
[ info ] [ PARAM ] array (
  'goods_id' => '',
)
[ info ] [ DB ] INIT mysql
[ sql ] [ DB ] CONNECT:[ UseTime:0.139008s ] mysql:host=129.28.170.193;dbname=cms;charset=utf8
[ sql ] [ SQL ] select attribute.id as a_id,attribute.name as a_name,goodsattr.attr_id as ga_attr_id,goodsattr.attr_details_id as ga_ad_id,attrdetails.name as ad_name,attrdetails.id as a_d_id from attribute join goodsattr on attribute.id=goodsattr.attr_id join attrdetails on goodsattr.attr_details_id=attrdetails.id where goodsattr.goods_id='' [ RunTime:0.093005s ]
---------------------------------------------------------------
[2019-07-20T10:33:48+08:00] 127.0.0.1 POST www.03kj.com/index.php/admin/goodsp/show.html
[运行时间：0.292017s] [吞吐率：3.42req/s] [内存消耗：2,417.28kb] [文件加载：77]
[ info ] [ LANG ] C:\phpStudy\PHPTutorial\WWW\03kj\shop\thinkphp\lang\zh-cn.php
[ info ] [ ROUTE ] array (
)
[ info ] [ HEADER ] array (
  'cookie' => 'thinkphp_show_page_trace=0|0; PHPSESSID=lhhtsvpua01gs6pho494s8utqp',
  'accept-language' => 'zh-CN,zh;q=0.9',
  'accept-encoding' => 'gzip, deflate',
  'referer' => 'http://www.03kj.com/index.php/admin/goodsp/list.html',
  'content-type' => 'application/x-www-form-urlencoded; charset=UTF-8',
  'user-agent' => 'Mozilla/5.0 (Windows NT 6.1; Win64; x64) AppleWebKit/537.36 (KHTML, like Gecko) Chrome/73.0.3683.86 Safari/537.36',
  'x-requested-with' => 'XMLHttpRequest',
  'origin' => 'http://www.03kj.com',
  'accept' => 'application/json, text/javascript, */*; q=0.01',
  'content-length' => '9',
  'connection' => 'close',
  'host' => 'www.03kj.com',
)
[ info ] [ PARAM ] array (
  'goods_id' => '',
)
[ info ] [ DB ] INIT mysql
[ sql ] [ DB ] CONNECT:[ UseTime:0.134008s ] mysql:host=129.28.170.193;dbname=cms;charset=utf8
[ error ] [10501]SQLSTATE[42000]: Syntax error or access violation: 1064 You have an error in your SQL syntax; check the manual that corresponds to your MySQL server version for the right syntax to use near '' at line 1[C:\phpStudy\PHPTutorial\WWW\03kj\shop\thinkphp\library\think\db\Connection.php:687]
---------------------------------------------------------------
[2019-07-20T10:33:51+08:00] 127.0.0.1 GET www.03kj.com/index.php/admin/goods/list.html
[运行时间：0.130007s] [吞吐率：7.69req/s] [内存消耗：1,744.05kb] [文件加载：70]
[ info ] [ LANG ] C:\phpStudy\PHPTutorial\WWW\03kj\shop\thinkphp\lang\zh-cn.php
[ info ] [ ROUTE ] array (
)
[ info ] [ HEADER ] array (
  'cookie' => 'thinkphp_show_page_trace=0|0; PHPSESSID=lhhtsvpua01gs6pho494s8utqp',
  'accept-language' => 'zh-CN,zh;q=0.9',
  'accept-encoding' => 'gzip, deflate',
  'referer' => 'http://www.03kj.com/index.php/admin/goodsp/list.html',
  'accept' => 'text/html,application/xhtml+xml,application/xml;q=0.9,image/webp,image/apng,*/*;q=0.8,application/signed-exchange;v=b3',
  'user-agent' => 'Mozilla/5.0 (Windows NT 6.1; Win64; x64) AppleWebKit/537.36 (KHTML, like Gecko) Chrome/73.0.3683.86 Safari/537.36',
  'upgrade-insecure-requests' => '1',
  'connection' => 'close',
  'host' => 'www.03kj.com',
)
[ info ] [ PARAM ] array (
)
[ info ] [ VIEW ] C:\phpStudy\PHPTutorial\WWW\03kj\shop\application\admin\view\goods\list.html [ array (
  0 => 'name',
) ]
---------------------------------------------------------------
[2019-07-20T10:33:52+08:00] 127.0.0.1 GET www.03kj.com/index.php/admin/goods/show.html
[运行时间：0.337019s] [吞吐率：2.97req/s] [内存消耗：2,426.38kb] [文件加载：72]
[ info ] [ LANG ] C:\phpStudy\PHPTutorial\WWW\03kj\shop\thinkphp\lang\zh-cn.php
[ info ] [ ROUTE ] array (
)
[ info ] [ HEADER ] array (
  'cookie' => 'thinkphp_show_page_trace=0|0; PHPSESSID=lhhtsvpua01gs6pho494s8utqp',
  'accept-language' => 'zh-CN,zh;q=0.9',
  'accept-encoding' => 'gzip, deflate',
  'referer' => 'http://www.03kj.com/index.php/admin/goods/list.html',
  'user-agent' => 'Mozilla/5.0 (Windows NT 6.1; Win64; x64) AppleWebKit/537.36 (KHTML, like Gecko) Chrome/73.0.3683.86 Safari/537.36',
  'x-requested-with' => 'XMLHttpRequest',
  'accept' => '*/*',
  'connection' => 'close',
  'host' => 'www.03kj.com',
)
[ info ] [ PARAM ] array (
)
[ info ] [ DB ] INIT mysql
[ sql ] [ DB ] CONNECT:[ UseTime:0.144009s ] mysql:host=129.28.170.193;dbname=cms;charset=utf8
[ sql ] [ SQL ] select goods.id,goods.name,goods.description,goods.price,goods.online_status,goods_category.name as g_c_name,brand.name as brand_name from goods left join goods_category on goods_category.id=goods.goodscate_id left join brand on brand.id=goods.brand_id [ RunTime:0.090005s ]
---------------------------------------------------------------
[2019-07-20T10:33:53+08:00] 127.0.0.1 GET www.03kj.com/index.php/admin/brand/show.html
[运行时间：0.325018s] [吞吐率：3.08req/s] [内存消耗：2,429.14kb] [文件加载：72]
[ info ] [ LANG ] C:\phpStudy\PHPTutorial\WWW\03kj\shop\thinkphp\lang\zh-cn.php
[ info ] [ ROUTE ] array (
)
[ info ] [ HEADER ] array (
  'cookie' => 'PHPSESSID=lhhtsvpua01gs6pho494s8utqp',
  'accept-language' => 'zh-CN,zh;q=0.9',
  'accept-encoding' => 'gzip, deflate',
  'referer' => 'http://www.03kj.com/index.php/admin/goods/list.html',
  'user-agent' => 'Mozilla/5.0 (Windows NT 6.1; Win64; x64) AppleWebKit/537.36 (KHTML, like Gecko) Chrome/73.0.3683.86 Safari/537.36',
  'x-requested-with' => 'XMLHttpRequest',
  'accept' => 'application/json, text/javascript, */*; q=0.01',
  'connection' => 'close',
  'host' => 'www.03kj.com',
)
[ info ] [ PARAM ] array (
)
[ info ] [ DB ] INIT mysql
[ sql ] [ DB ] CONNECT:[ UseTime:0.140008s ] mysql:host=129.28.170.193;dbname=cms;charset=utf8
[ sql ] [ SQL ] select * from brand [ RunTime:0.089005s ]
---------------------------------------------------------------
[2019-07-20T10:33:57+08:00] 127.0.0.1 GET www.03kj.com/index.php/admin/goodsattr/list.html?id=2
[运行时间：0.131007s] [吞吐率：7.63req/s] [内存消耗：1,736.90kb] [文件加载：70]
[ info ] [ LANG ] C:\phpStudy\PHPTutorial\WWW\03kj\shop\thinkphp\lang\zh-cn.php
[ info ] [ ROUTE ] array (
)
[ info ] [ HEADER ] array (
  'cookie' => 'PHPSESSID=lhhtsvpua01gs6pho494s8utqp',
  'accept-language' => 'zh-CN,zh;q=0.9',
  'accept-encoding' => 'gzip, deflate',
  'referer' => 'http://www.03kj.com/index.php/admin/goods/list.html',
  'accept' => 'text/html,application/xhtml+xml,application/xml;q=0.9,image/webp,image/apng,*/*;q=0.8,application/signed-exchange;v=b3',
  'user-agent' => 'Mozilla/5.0 (Windows NT 6.1; Win64; x64) AppleWebKit/537.36 (KHTML, like Gecko) Chrome/73.0.3683.86 Safari/537.36',
  'upgrade-insecure-requests' => '1',
  'connection' => 'close',
  'host' => 'www.03kj.com',
)
[ info ] [ PARAM ] array (
  'id' => '2',
)
[ info ] [ VIEW ] C:\phpStudy\PHPTutorial\WWW\03kj\shop\application\admin\view\goodsattr\list.html [ array (
  0 => 'name',
  1 => 'goods_id',
) ]
---------------------------------------------------------------
[2019-07-20T10:33:57+08:00] 127.0.0.1 POST www.03kj.com/index.php/admin/goodsattr/attrcategory_show.html
[运行时间：0.407023s] [吞吐率：2.46req/s] [内存消耗：2,421.66kb] [文件加载：72]
[ info ] [ LANG ] C:\phpStudy\PHPTutorial\WWW\03kj\shop\thinkphp\lang\zh-cn.php
[ info ] [ ROUTE ] array (
)
[ info ] [ HEADER ] array (
  'cookie' => 'thinkphp_show_page_trace=0|0; PHPSESSID=lhhtsvpua01gs6pho494s8utqp',
  'accept-language' => 'zh-CN,zh;q=0.9',
  'accept-encoding' => 'gzip, deflate',
  'referer' => 'http://www.03kj.com/index.php/admin/goodsattr/list.html?id=2',
  'content-type' => 'application/x-www-form-urlencoded; charset=UTF-8',
  'user-agent' => 'Mozilla/5.0 (Windows NT 6.1; Win64; x64) AppleWebKit/537.36 (KHTML, like Gecko) Chrome/73.0.3683.86 Safari/537.36',
  'x-requested-with' => 'XMLHttpRequest',
  'origin' => 'http://www.03kj.com',
  'accept' => 'application/json, text/javascript, */*; q=0.01',
  'content-length' => '10',
  'connection' => 'close',
  'host' => 'www.03kj.com',
)
[ info ] [ PARAM ] array (
  'goods_id' => '2',
)
[ info ] [ DB ] INIT mysql
[ sql ] [ DB ] CONNECT:[ UseTime:0.134008s ] mysql:host=129.28.170.193;dbname=cms;charset=utf8
[ sql ] [ SQL ] select * from attrcategory [ RunTime:0.088005s ]
[ sql ] [ SQL ] select * from goods where id='2' [ RunTime:0.088005s ]
---------------------------------------------------------------
[2019-07-20T10:33:58+08:00] 127.0.0.1 POST www.03kj.com/index.php/admin/goodsattr/show.html
[运行时间：0.421024s] [吞吐率：2.38req/s] [内存消耗：2,419.15kb] [文件加载：72]
[ info ] [ LANG ] C:\phpStudy\PHPTutorial\WWW\03kj\shop\thinkphp\lang\zh-cn.php
[ info ] [ ROUTE ] array (
)
[ info ] [ HEADER ] array (
  'cookie' => 'thinkphp_show_page_trace=0|0; PHPSESSID=lhhtsvpua01gs6pho494s8utqp',
  'accept-language' => 'zh-CN,zh;q=0.9',
  'accept-encoding' => 'gzip, deflate',
  'referer' => 'http://www.03kj.com/index.php/admin/goodsattr/list.html?id=2',
  'content-type' => 'application/x-www-form-urlencoded; charset=UTF-8',
  'user-agent' => 'Mozilla/5.0 (Windows NT 6.1; Win64; x64) AppleWebKit/537.36 (KHTML, like Gecko) Chrome/73.0.3683.86 Safari/537.36',
  'x-requested-with' => 'XMLHttpRequest',
  'origin' => 'http://www.03kj.com',
  'accept' => 'application/json, text/javascript, */*; q=0.01',
  'content-length' => '26',
  'connection' => 'close',
  'host' => 'www.03kj.com',
)
[ info ] [ PARAM ] array (
  'attr_category' => '2',
  'goods_id' => '2',
)
[ info ] [ DB ] INIT mysql
[ sql ] [ DB ] CONNECT:[ UseTime:0.140008s ] mysql:host=129.28.170.193;dbname=cms;charset=utf8
[ sql ] [ SQL ] select attribute.id,attribute.name as a_name,attrdetails.id,attrdetails.name as a_d_name from attribute join attrdetails on attribute.id=attrdetails.attr_id where attrcate_id='2' [ RunTime:0.093005s ]
[ sql ] [ SQL ] select attr_details_id from goodsattr where goods_id='2' [ RunTime:0.092006s ]
---------------------------------------------------------------
[2019-07-20T10:33:58+08:00] 127.0.0.1 GET www.03kj.com/index.php/admin/goodsattr/favicon.ico
[运行时间：0.130008s] [吞吐率：7.69req/s] [内存消耗：1,679.48kb] [文件加载：71]
[ info ] [ LANG ] C:\phpStudy\PHPTutorial\WWW\03kj\shop\thinkphp\lang\zh-cn.php
[ info ] [ ROUTE ] array (
)
[ info ] [ HEADER ] array (
  'cookie' => 'thinkphp_show_page_trace=0|0; PHPSESSID=lhhtsvpua01gs6pho494s8utqp',
  'accept-language' => 'zh-CN,zh;q=0.9',
  'accept-encoding' => 'gzip, deflate',
  'referer' => 'http://www.03kj.com/index.php/admin/goodsattr/list.html?id=2',
  'accept' => 'image/webp,image/apng,image/*,*/*;q=0.8',
  'user-agent' => 'Mozilla/5.0 (Windows NT 6.1; Win64; x64) AppleWebKit/537.36 (KHTML, like Gecko) Chrome/73.0.3683.86 Safari/537.36',
  'connection' => 'close',
  'host' => 'www.03kj.com',
)
[ info ] [ PARAM ] array (
)
---------------------------------------------------------------
[2019-07-20T10:34:02+08:00] 127.0.0.1 GET www.03kj.com/index.php/admin/goods/list.html
[运行时间：0.125007s] [吞吐率：8.00req/s] [内存消耗：1,744.18kb] [文件加载：70]
[ info ] [ LANG ] C:\phpStudy\PHPTutorial\WWW\03kj\shop\thinkphp\lang\zh-cn.php
[ info ] [ ROUTE ] array (
)
[ info ] [ HEADER ] array (
  'cookie' => 'thinkphp_show_page_trace=0|0; PHPSESSID=lhhtsvpua01gs6pho494s8utqp',
  'accept-language' => 'zh-CN,zh;q=0.9',
  'accept-encoding' => 'gzip, deflate',
  'referer' => 'http://www.03kj.com/index.php/admin/goodsattr/list.html?id=2',
  'accept' => 'text/html,application/xhtml+xml,application/xml;q=0.9,image/webp,image/apng,*/*;q=0.8,application/signed-exchange;v=b3',
  'user-agent' => 'Mozilla/5.0 (Windows NT 6.1; Win64; x64) AppleWebKit/537.36 (KHTML, like Gecko) Chrome/73.0.3683.86 Safari/537.36',
  'upgrade-insecure-requests' => '1',
  'connection' => 'close',
  'host' => 'www.03kj.com',
)
[ info ] [ PARAM ] array (
)
[ info ] [ VIEW ] C:\phpStudy\PHPTutorial\WWW\03kj\shop\application\admin\view\goods\list.html [ array (
  0 => 'name',
) ]
---------------------------------------------------------------
[2019-07-20T10:34:02+08:00] 127.0.0.1 GET www.03kj.com/index.php/admin/goods/show.html
[运行时间：0.320018s] [吞吐率：3.12req/s] [内存消耗：2,426.38kb] [文件加载：72]
[ info ] [ LANG ] C:\phpStudy\PHPTutorial\WWW\03kj\shop\thinkphp\lang\zh-cn.php
[ info ] [ ROUTE ] array (
)
[ info ] [ HEADER ] array (
  'cookie' => 'thinkphp_show_page_trace=0|0; PHPSESSID=lhhtsvpua01gs6pho494s8utqp',
  'accept-language' => 'zh-CN,zh;q=0.9',
  'accept-encoding' => 'gzip, deflate',
  'referer' => 'http://www.03kj.com/index.php/admin/goods/list.html',
  'user-agent' => 'Mozilla/5.0 (Windows NT 6.1; Win64; x64) AppleWebKit/537.36 (KHTML, like Gecko) Chrome/73.0.3683.86 Safari/537.36',
  'x-requested-with' => 'XMLHttpRequest',
  'accept' => '*/*',
  'connection' => 'close',
  'host' => 'www.03kj.com',
)
[ info ] [ PARAM ] array (
)
[ info ] [ DB ] INIT mysql
[ sql ] [ DB ] CONNECT:[ UseTime:0.135008s ] mysql:host=129.28.170.193;dbname=cms;charset=utf8
[ sql ] [ SQL ] select goods.id,goods.name,goods.description,goods.price,goods.online_status,goods_category.name as g_c_name,brand.name as brand_name from goods left join goods_category on goods_category.id=goods.goodscate_id left join brand on brand.id=goods.brand_id [ RunTime:0.088005s ]
---------------------------------------------------------------
[2019-07-20T10:34:03+08:00] 127.0.0.1 GET www.03kj.com/index.php/admin/brand/show.html
[运行时间：0.329019s] [吞吐率：3.04req/s] [内存消耗：2,429.14kb] [文件加载：72]
[ info ] [ LANG ] C:\phpStudy\PHPTutorial\WWW\03kj\shop\thinkphp\lang\zh-cn.php
[ info ] [ ROUTE ] array (
)
[ info ] [ HEADER ] array (
  'cookie' => 'PHPSESSID=lhhtsvpua01gs6pho494s8utqp',
  'accept-language' => 'zh-CN,zh;q=0.9',
  'accept-encoding' => 'gzip, deflate',
  'referer' => 'http://www.03kj.com/index.php/admin/goods/list.html',
  'user-agent' => 'Mozilla/5.0 (Windows NT 6.1; Win64; x64) AppleWebKit/537.36 (KHTML, like Gecko) Chrome/73.0.3683.86 Safari/537.36',
  'x-requested-with' => 'XMLHttpRequest',
  'accept' => 'application/json, text/javascript, */*; q=0.01',
  'connection' => 'close',
  'host' => 'www.03kj.com',
)
[ info ] [ PARAM ] array (
)
[ info ] [ DB ] INIT mysql
[ sql ] [ DB ] CONNECT:[ UseTime:0.138007s ] mysql:host=129.28.170.193;dbname=cms;charset=utf8
[ sql ] [ SQL ] select * from brand [ RunTime:0.091006s ]
---------------------------------------------------------------
[2019-07-20T10:34:04+08:00] 127.0.0.1 GET www.03kj.com/index.php/admin/goodsp/list.html?id=2
[运行时间：0.129008s] [吞吐率：7.75req/s] [内存消耗：1,745.45kb] [文件加载：70]
[ info ] [ LANG ] C:\phpStudy\PHPTutorial\WWW\03kj\shop\thinkphp\lang\zh-cn.php
[ info ] [ ROUTE ] array (
)
[ info ] [ HEADER ] array (
  'cookie' => 'thinkphp_show_page_trace=0|0; PHPSESSID=lhhtsvpua01gs6pho494s8utqp',
  'accept-language' => 'zh-CN,zh;q=0.9',
  'accept-encoding' => 'gzip, deflate',
  'referer' => 'http://www.03kj.com/index.php/admin/goods/list.html',
  'accept' => 'text/html,application/xhtml+xml,application/xml;q=0.9,image/webp,image/apng,*/*;q=0.8,application/signed-exchange;v=b3',
  'user-agent' => 'Mozilla/5.0 (Windows NT 6.1; Win64; x64) AppleWebKit/537.36 (KHTML, like Gecko) Chrome/73.0.3683.86 Safari/537.36',
  'upgrade-insecure-requests' => '1',
  'connection' => 'close',
  'host' => 'www.03kj.com',
)
[ info ] [ PARAM ] array (
  'id' => '2',
)
[ info ] [ VIEW ] C:\phpStudy\PHPTutorial\WWW\03kj\shop\application\admin\view\goodsp\list.html [ array (
  0 => 'name',
  1 => 'goods_id',
) ]
---------------------------------------------------------------
[2019-07-20T10:34:04+08:00] 127.0.0.1 POST www.03kj.com/index.php/admin/goodsp/getcate.html
[运行时间：0.326019s] [吞吐率：3.07req/s] [内存消耗：2,423.84kb] [文件加载：72]
[ info ] [ LANG ] C:\phpStudy\PHPTutorial\WWW\03kj\shop\thinkphp\lang\zh-cn.php
[ info ] [ ROUTE ] array (
)
[ info ] [ HEADER ] array (
  'cookie' => 'thinkphp_show_page_trace=0|0; PHPSESSID=lhhtsvpua01gs6pho494s8utqp',
  'accept-language' => 'zh-CN,zh;q=0.9',
  'accept-encoding' => 'gzip, deflate',
  'referer' => 'http://www.03kj.com/index.php/admin/goodsp/list.html?id=2',
  'content-type' => 'application/x-www-form-urlencoded; charset=UTF-8',
  'user-agent' => 'Mozilla/5.0 (Windows NT 6.1; Win64; x64) AppleWebKit/537.36 (KHTML, like Gecko) Chrome/73.0.3683.86 Safari/537.36',
  'x-requested-with' => 'XMLHttpRequest',
  'origin' => 'http://www.03kj.com',
  'accept' => 'application/json, text/javascript, */*; q=0.01',
  'content-length' => '10',
  'connection' => 'close',
  'host' => 'www.03kj.com',
)
[ info ] [ PARAM ] array (
  'goods_id' => '2',
)
[ info ] [ DB ] INIT mysql
[ sql ] [ DB ] CONNECT:[ UseTime:0.137008s ] mysql:host=129.28.170.193;dbname=cms;charset=utf8
[ sql ] [ SQL ] select attribute.id as a_id,attribute.name as a_name,goodsattr.attr_id as ga_attr_id,goodsattr.attr_details_id as ga_ad_id,attrdetails.name as ad_name,attrdetails.id as a_d_id from attribute join goodsattr on attribute.id=goodsattr.attr_id join attrdetails on goodsattr.attr_details_id=attrdetails.id where goodsattr.goods_id='2' [ RunTime:0.090005s ]
---------------------------------------------------------------
[2019-07-20T10:34:05+08:00] 127.0.0.1 POST www.03kj.com/index.php/admin/goodsp/show.html
[运行时间：0.323018s] [吞吐率：3.10req/s] [内存消耗：2,421.28kb] [文件加载：72]
[ info ] [ LANG ] C:\phpStudy\PHPTutorial\WWW\03kj\shop\thinkphp\lang\zh-cn.php
[ info ] [ ROUTE ] array (
)
[ info ] [ HEADER ] array (
  'cookie' => 'thinkphp_show_page_trace=0|0; PHPSESSID=lhhtsvpua01gs6pho494s8utqp',
  'accept-language' => 'zh-CN,zh;q=0.9',
  'accept-encoding' => 'gzip, deflate',
  'referer' => 'http://www.03kj.com/index.php/admin/goodsp/list.html?id=2',
  'content-type' => 'application/x-www-form-urlencoded; charset=UTF-8',
  'user-agent' => 'Mozilla/5.0 (Windows NT 6.1; Win64; x64) AppleWebKit/537.36 (KHTML, like Gecko) Chrome/73.0.3683.86 Safari/537.36',
  'x-requested-with' => 'XMLHttpRequest',
  'origin' => 'http://www.03kj.com',
  'accept' => 'application/json, text/javascript, */*; q=0.01',
  'content-length' => '10',
  'connection' => 'close',
  'host' => 'www.03kj.com',
)
[ info ] [ PARAM ] array (
  'goods_id' => '2',
)
[ info ] [ DB ] INIT mysql
[ sql ] [ DB ] CONNECT:[ UseTime:0.134007s ] mysql:host=129.28.170.193;dbname=cms;charset=utf8
[ sql ] [ SQL ] select * from goodsp where goods_id=2 [ RunTime:0.088006s ]
